2025-08-26 19:59:39.434 | INFO     | utils.utils_logger:<module>:38 - Logging to file: logs\project_log.log
2025-08-26 19:59:39.434 | INFO     | __main__:main:106 - START producer...
2025-08-26 19:59:39.434 | INFO     | __main__:main:107 - Hit CTRL c (or CMD c) to close.
2025-08-26 19:59:39.434 | INFO     | __main__:get_message_interval:53 - Messages will be sent every 3 seconds.
2025-08-26 19:59:39.434 | INFO     | __main__:main:114 - I just loved an app! It was funny.
2025-08-26 19:59:42.451 | INFO     | __main__:main:114 - I just tried a movie! It was boring.
2025-08-26 19:59:45.452 | INFO     | __main__:main:114 - I just found an app! It was funny.
2025-08-26 19:59:48.454 | INFO     | __main__:main:114 - I just found a story! It was weird.
2025-08-26 19:59:51.456 | INFO     | __main__:main:114 - I just found a story! It was boring.
2025-08-26 19:59:54.457 | INFO     | __main__:main:114 - I just loved an app! It was funny.
2025-08-26 19:59:57.458 | INFO     | __main__:main:114 - I just shared a meme! It was boring.
2025-08-26 20:00:00.459 | INFO     | __main__:main:114 - I just shared an app! It was amazing.
2025-08-26 20:00:03.460 | INFO     | __main__:main:114 - I just shared a movie! It was weird.
2025-08-26 20:00:06.461 | INFO     | __main__:main:114 - I just loved a story! It was amazing.
2025-08-26 20:00:09.463 | INFO     | __main__:main:114 - I just found a trick! It was boring.
2025-08-26 20:00:12.464 | INFO     | __main__:main:114 - I just shared a movie! It was funny.
2025-08-26 20:00:15.465 | INFO     | __main__:main:114 - I just found a story! It was funny.
2025-08-26 20:00:18.466 | INFO     | __main__:main:114 - I just shared a story! It was exciting.
2025-08-26 20:00:21.468 | INFO     | __main__:main:114 - I just found a meme! It was weird.
2025-08-26 20:00:24.469 | INFO     | __main__:main:114 - I just tried a movie! It was exciting.
2025-08-26 20:00:27.470 | INFO     | __main__:main:114 - I just shared a trick! It was boring.
2025-08-26 20:00:30.471 | INFO     | __main__:main:114 - I just loved a movie! It was boring.
2025-08-26 20:00:33.472 | INFO     | __main__:main:114 - I just loved an app! It was weird.
2025-08-26 20:00:36.474 | INFO     | __main__:main:114 - I just loved a meme! It was funny.
2025-08-26 20:00:39.474 | INFO     | __main__:main:114 - I just loved a trick! It was amazing.
2025-08-26 20:00:42.476 | INFO     | __main__:main:114 - I just found a meme! It was boring.
2025-08-26 20:00:45.477 | INFO     | __main__:main:114 - I just shared an app! It was exciting.
2025-08-26 20:00:48.479 | INFO     | __main__:main:114 - I just loved a meme! It was weird.
2025-08-26 20:00:51.480 | INFO     | __main__:main:114 - I just loved a story! It was boring.
2025-08-26 20:00:54.481 | INFO     | __main__:main:114 - I just shared a story! It was weird.
2025-08-26 20:00:57.482 | INFO     | __main__:main:114 - I just tried a trick! It was boring.
2025-08-26 20:01:00.483 | INFO     | __main__:main:114 - I just found an app! It was amazing.
2025-08-26 20:01:03.485 | INFO     | __main__:main:114 - I just shared a story! It was amazing.
2025-08-26 20:01:06.486 | INFO     | __main__:main:114 - I just found a trick! It was amazing.
2025-08-26 20:01:09.491 | INFO     | __main__:main:114 - I just tried a movie! It was exciting.
2025-08-26 20:01:12.491 | INFO     | __main__:main:114 - I just found a trick! It was exciting.
2025-08-26 20:01:15.493 | INFO     | __main__:main:114 - I just tried an app! It was exciting.
2025-08-26 20:01:18.495 | INFO     | __main__:main:114 - I just saw an app! It was weird.
2025-08-26 20:01:21.496 | INFO     | __main__:main:114 - I just loved an app! It was boring.
2025-08-26 20:01:24.497 | INFO     | __main__:main:114 - I just shared a story! It was amazing.
2025-08-26 20:01:27.498 | INFO     | __main__:main:114 - I just shared a trick! It was weird.
2025-08-26 20:01:30.499 | INFO     | __main__:main:114 - I just saw a trick! It was amazing.
2025-08-26 20:01:33.500 | INFO     | __main__:main:114 - I just loved a story! It was funny.
2025-08-26 20:01:36.501 | INFO     | __main__:main:114 - I just saw an app! It was funny.
2025-08-26 20:01:39.503 | INFO     | __main__:main:114 - I just tried a trick! It was amazing.
2025-08-26 20:01:42.504 | INFO     | __main__:main:114 - I just loved a story! It was weird.
2025-08-26 20:01:45.505 | INFO     | __main__:main:114 - I just tried a trick! It was amazing.
2025-08-26 20:01:48.506 | INFO     | __main__:main:114 - I just loved a meme! It was weird.
2025-08-26 20:01:51.507 | INFO     | __main__:main:114 - I just loved a story! It was weird.
2025-08-26 20:01:54.511 | INFO     | __main__:main:114 - I just found a story! It was exciting.
2025-08-26 20:01:57.514 | INFO     | __main__:main:114 - I just saw an app! It was amazing.
2025-08-26 20:02:00.515 | INFO     | __main__:main:114 - I just tried a trick! It was exciting.
2025-08-26 20:02:03.516 | INFO     | __main__:main:114 - I just found a trick! It was weird.
2025-08-26 20:02:06.517 | INFO     | __main__:main:114 - I just found a movie! It was exciting.
2025-08-26 20:02:09.519 | INFO     | __main__:main:114 - I just found a movie! It was exciting.
2025-08-26 20:02:12.520 | INFO     | __main__:main:114 - I just shared a movie! It was amazing.
2025-08-26 20:02:15.521 | INFO     | __main__:main:114 - I just found a trick! It was boring.
2025-08-26 20:02:18.522 | INFO     | __main__:main:114 - I just tried an app! It was funny.
2025-08-26 20:02:21.523 | INFO     | __main__:main:114 - I just saw a trick! It was boring.
2025-08-26 20:02:24.525 | INFO     | __main__:main:114 - I just shared a trick! It was amazing.
2025-08-26 20:02:27.526 | INFO     | __main__:main:114 - I just shared a movie! It was exciting.
2025-08-26 20:02:30.527 | INFO     | __main__:main:114 - I just shared a trick! It was amazing.
2025-08-26 20:02:33.529 | INFO     | __main__:main:114 - I just shared a meme! It was amazing.
2025-08-26 20:02:36.531 | INFO     | __main__:main:114 - I just saw a trick! It was funny.
2025-08-26 20:02:39.532 | INFO     | __main__:main:114 - I just loved a story! It was exciting.
2025-08-26 20:02:42.533 | INFO     | __main__:main:114 - I just saw an app! It was amazing.
2025-08-26 20:02:45.535 | INFO     | __main__:main:114 - I just tried a movie! It was weird.
2025-08-26 20:02:48.536 | INFO     | __main__:main:114 - I just found a story! It was exciting.
2025-08-26 20:02:51.537 | INFO     | __main__:main:114 - I just loved a trick! It was exciting.
2025-08-26 20:02:54.539 | INFO     | __main__:main:114 - I just loved an app! It was funny.
2025-08-26 20:02:57.539 | INFO     | __main__:main:114 - I just loved a meme! It was funny.
2025-08-26 20:03:00.541 | INFO     | __main__:main:114 - I just found a story! It was weird.
2025-08-26 20:03:03.542 | INFO     | __main__:main:114 - I just found a meme! It was boring.
2025-08-26 20:03:06.543 | INFO     | __main__:main:114 - I just loved a meme! It was weird.
2025-08-26 20:03:09.545 | INFO     | __main__:main:114 - I just saw a meme! It was boring.
2025-08-26 20:03:12.546 | INFO     | __main__:main:114 - I just tried an app! It was boring.
2025-08-26 20:03:15.547 | INFO     | __main__:main:114 - I just shared a story! It was amazing.
2025-08-26 20:03:18.548 | INFO     | __main__:main:114 - I just tried a story! It was amazing.
2025-08-26 20:03:21.549 | INFO     | __main__:main:114 - I just saw an app! It was boring.
2025-08-26 20:03:24.550 | INFO     | __main__:main:114 - I just shared a trick! It was amazing.
2025-08-26 20:03:27.551 | INFO     | __main__:main:114 - I just shared a trick! It was funny.
2025-08-26 20:03:30.553 | INFO     | __main__:main:114 - I just found a movie! It was funny.
2025-08-26 20:03:33.554 | INFO     | __main__:main:114 - I just tried a story! It was boring.
2025-08-26 20:03:36.555 | INFO     | __main__:main:114 - I just loved an app! It was boring.
2025-08-26 20:03:39.556 | INFO     | __main__:main:114 - I just found a movie! It was weird.
2025-08-26 20:03:42.558 | INFO     | __main__:main:114 - I just loved a story! It was exciting.
2025-08-26 20:03:45.559 | INFO     | __main__:main:114 - I just shared an app! It was exciting.
2025-08-26 20:03:48.560 | INFO     | __main__:main:114 - I just tried an app! It was boring.
2025-08-26 20:03:51.561 | INFO     | __main__:main:114 - I just loved a meme! It was exciting.
2025-08-26 20:03:54.562 | INFO     | __main__:main:114 - I just loved a story! It was boring.
2025-08-26 20:03:57.563 | INFO     | __main__:main:114 - I just saw a movie! It was amazing.
2025-08-26 20:04:00.569 | INFO     | __main__:main:114 - I just tried a movie! It was weird.
2025-08-26 20:04:03.574 | INFO     | __main__:main:114 - I just shared a movie! It was amazing.
2025-08-26 20:04:06.576 | INFO     | __main__:main:114 - I just loved a trick! It was amazing.
2025-08-26 20:04:09.577 | INFO     | __main__:main:114 - I just tried a meme! It was funny.
2025-08-26 20:04:12.578 | INFO     | __main__:main:114 - I just saw a meme! It was amazing.
2025-08-26 20:04:15.579 | INFO     | __main__:main:114 - I just found a meme! It was funny.
2025-08-26 20:04:17.532 | INFO     | utils.utils_logger:<module>:38 - Logging to file: logs\project_log.log
2025-08-26 20:04:17.532 | INFO     | __main__:main:68 - START...
2025-08-26 20:04:17.532 | INFO     | __main__:main:74 - Reading file located at logs\project_log.log.
2025-08-26 20:04:18.580 | INFO     | __main__:main:114 - I just found an app! It was exciting.
2025-08-26 20:04:21.582 | INFO     | __main__:main:114 - I just tried a story! It was weird.
2025-08-26 20:04:24.583 | INFO     | __main__:main:114 - I just found a story! It was exciting.
2025-08-26 20:04:27.584 | INFO     | __main__:main:114 - I just found a trick! It was weird.
2025-08-26 20:04:30.585 | INFO     | __main__:main:114 - I just shared a movie! It was weird.
2025-08-26 20:04:33.586 | INFO     | __main__:main:114 - I just found a story! It was boring.
2025-08-26 20:04:36.587 | INFO     | __main__:main:114 - I just found an app! It was weird.
2025-08-26 20:04:39.588 | INFO     | __main__:main:114 - I just saw an app! It was funny.
2025-08-26 20:04:42.590 | INFO     | __main__:main:114 - I just tried an app! It was exciting.
2025-08-26 20:04:45.591 | INFO     | __main__:main:114 - I just loved a story! It was boring.
2025-08-26 20:04:48.593 | INFO     | __main__:main:114 - I just found a movie! It was amazing.
2025-08-26 20:04:51.595 | INFO     | __main__:main:114 - I just shared a story! It was exciting.
2025-08-26 20:04:54.596 | INFO     | __main__:main:114 - I just saw a trick! It was boring.
2025-08-26 20:04:57.597 | INFO     | __main__:main:114 - I just shared a trick! It was amazing.
2025-08-26 20:05:00.597 | INFO     | __main__:main:114 - I just saw a trick! It was weird.
2025-08-26 20:05:03.598 | INFO     | __main__:main:114 - I just loved a trick! It was amazing.
2025-08-26 20:05:06.599 | INFO     | __main__:main:114 - I just shared a trick! It was weird.
2025-08-26 20:05:09.602 | INFO     | __main__:main:114 - I just loved a movie! It was weird.
2025-08-26 20:05:12.604 | INFO     | __main__:main:114 - I just found an app! It was amazing.
2025-08-26 20:05:15.606 | INFO     | __main__:main:114 - I just saw a meme! It was weird.
2025-08-26 20:05:18.606 | INFO     | __main__:main:114 - I just saw a story! It was exciting.
2025-08-26 20:05:21.608 | INFO     | __main__:main:114 - I just tried a movie! It was funny.
2025-08-26 20:05:24.609 | INFO     | __main__:main:114 - I just saw a movie! It was exciting.
2025-08-26 20:05:27.611 | INFO     | __main__:main:114 - I just tried a story! It was funny.
2025-08-26 20:05:30.612 | INFO     | __main__:main:114 - I just loved a trick! It was funny.
2025-08-26 20:05:33.612 | INFO     | __main__:main:114 - I just loved a story! It was weird.
2025-08-26 20:05:36.613 | INFO     | __main__:main:114 - I just found a meme! It was amazing.
2025-08-26 20:05:39.614 | INFO     | __main__:main:114 - I just shared a story! It was funny.
2025-08-26 20:05:42.615 | INFO     | __main__:main:114 - I just loved an app! It was exciting.
2025-08-26 20:05:45.616 | INFO     | __main__:main:114 - I just shared a trick! It was boring.
2025-08-26 20:05:48.617 | INFO     | __main__:main:114 - I just tried a trick! It was exciting.
2025-08-26 20:05:51.618 | INFO     | __main__:main:114 - I just tried a meme! It was exciting.
2025-08-26 20:05:54.620 | INFO     | __main__:main:114 - I just loved a trick! It was exciting.
2025-08-26 20:05:57.621 | INFO     | __main__:main:114 - I just found a trick! It was weird.
2025-08-26 20:06:00.622 | INFO     | __main__:main:114 - I just saw a meme! It was exciting.
2025-08-26 20:06:03.623 | INFO     | __main__:main:114 - I just saw a story! It was funny.
2025-08-26 20:06:06.624 | INFO     | __main__:main:114 - I just tried a movie! It was weird.
2025-08-26 20:06:09.625 | INFO     | __main__:main:114 - I just found a meme! It was amazing.
2025-08-26 20:06:12.626 | INFO     | __main__:main:114 - I just loved a trick! It was boring.
2025-08-26 20:06:15.627 | INFO     | __main__:main:114 - I just tried a movie! It was weird.
2025-08-26 20:06:18.628 | INFO     | __main__:main:114 - I just saw a story! It was amazing.
2025-08-26 20:06:21.629 | INFO     | __main__:main:114 - I just found a movie! It was amazing.
2025-08-26 20:06:24.630 | INFO     | __main__:main:114 - I just shared an app! It was amazing.
2025-08-26 20:06:27.631 | INFO     | __main__:main:114 - I just tried a meme! It was boring.
2025-08-26 20:06:30.632 | INFO     | __main__:main:114 - I just loved an app! It was funny.
2025-08-26 20:06:33.633 | INFO     | __main__:main:114 - I just loved a trick! It was weird.
2025-08-26 20:06:36.634 | INFO     | __main__:main:114 - I just found a trick! It was funny.
2025-08-26 20:06:39.635 | INFO     | __main__:main:114 - I just loved an app! It was amazing.
2025-08-26 20:06:42.636 | INFO     | __main__:main:114 - I just loved an app! It was amazing.
2025-08-26 20:06:45.637 | INFO     | __main__:main:114 - I just saw a movie! It was boring.
2025-08-26 20:06:48.638 | INFO     | __main__:main:114 - I just tried a story! It was weird.
2025-08-26 20:06:51.639 | INFO     | __main__:main:114 - I just saw a trick! It was weird.
2025-08-26 20:06:54.641 | INFO     | __main__:main:114 - I just saw an app! It was amazing.
2025-08-26 20:06:57.641 | INFO     | __main__:main:114 - I just tried a trick! It was boring.
2025-08-26 20:07:00.642 | INFO     | __main__:main:114 - I just shared a story! It was amazing.
2025-08-26 20:07:03.643 | INFO     | __main__:main:114 - I just loved a story! It was exciting.
2025-08-26 20:07:06.644 | INFO     | __main__:main:114 - I just tried a trick! It was amazing.
2025-08-26 20:07:09.645 | INFO     | __main__:main:114 - I just shared a trick! It was boring.
2025-08-26 20:07:12.647 | INFO     | __main__:main:114 - I just saw a trick! It was exciting.
2025-08-26 20:07:15.648 | INFO     | __main__:main:114 - I just loved a trick! It was amazing.
2025-08-26 20:07:18.649 | INFO     | __main__:main:114 - I just found a story! It was exciting.
2025-08-26 20:07:21.651 | INFO     | __main__:main:114 - I just tried a trick! It was weird.
2025-08-26 20:07:24.652 | INFO     | __main__:main:114 - I just loved a story! It was amazing.
2025-08-26 20:07:27.653 | INFO     | __main__:main:114 - I just shared a story! It was amazing.
2025-08-26 20:07:30.654 | INFO     | __main__:main:114 - I just tried a trick! It was boring.
2025-08-26 20:07:33.667 | INFO     | __main__:main:114 - I just found an app! It was weird.
2025-08-26 20:07:36.686 | INFO     | __main__:main:114 - I just tried a trick! It was boring.
2025-08-26 20:07:39.688 | INFO     | __main__:main:114 - I just found a story! It was exciting.
2025-08-26 20:07:42.689 | INFO     | __main__:main:114 - I just saw a movie! It was boring.
2025-08-26 20:07:45.690 | INFO     | __main__:main:114 - I just loved a story! It was amazing.
2025-08-26 20:07:48.691 | INFO     | __main__:main:114 - I just found a trick! It was exciting.
2025-08-26 20:07:51.692 | INFO     | __main__:main:114 - I just saw a meme! It was weird.
2025-08-26 20:07:54.693 | INFO     | __main__:main:114 - I just shared a trick! It was amazing.
2025-08-26 20:07:57.695 | INFO     | __main__:main:114 - I just tried a trick! It was boring.
2025-08-26 20:08:00.696 | INFO     | __main__:main:114 - I just tried a story! It was boring.
2025-08-26 20:08:03.698 | INFO     | __main__:main:114 - I just tried a trick! It was amazing.
2025-08-26 20:08:06.700 | INFO     | __main__:main:114 - I just saw a movie! It was exciting.
2025-08-26 20:08:09.701 | INFO     | __main__:main:114 - I just tried an app! It was amazing.
2025-08-26 20:08:12.702 | INFO     | __main__:main:114 - I just shared a movie! It was exciting.
2025-08-26 20:08:15.704 | INFO     | __main__:main:114 - I just loved an app! It was exciting.
2025-08-26 20:08:18.705 | INFO     | __main__:main:114 - I just loved a movie! It was amazing.
2025-08-26 20:08:21.706 | INFO     | __main__:main:114 - I just found a movie! It was exciting.
2025-08-26 20:08:24.708 | INFO     | __main__:main:114 - I just loved an app! It was weird.
2025-08-26 20:08:27.709 | INFO     | __main__:main:114 - I just saw a meme! It was exciting.
2025-08-26 20:08:30.710 | INFO     | __main__:main:114 - I just shared a movie! It was amazing.
2025-08-26 20:08:33.711 | INFO     | __main__:main:114 - I just found a meme! It was weird.
2025-08-26 20:08:36.712 | INFO     | __main__:main:114 - I just tried a story! It was weird.
2025-08-26 20:08:39.713 | INFO     | __main__:main:114 - I just loved a trick! It was funny.
2025-08-26 20:08:42.714 | INFO     | __main__:main:114 - I just found a movie! It was funny.
2025-08-26 20:08:45.716 | INFO     | __main__:main:114 - I just loved a story! It was amazing.
2025-08-26 20:08:48.716 | INFO     | __main__:main:114 - I just found a meme! It was exciting.
2025-08-26 20:08:51.717 | INFO     | __main__:main:114 - I just saw a trick! It was exciting.
2025-08-26 20:08:54.719 | INFO     | __main__:main:114 - I just loved a meme! It was boring.
2025-08-26 20:08:57.720 | INFO     | __main__:main:114 - I just tried a story! It was funny.
2025-08-26 20:09:00.721 | INFO     | __main__:main:114 - I just shared a trick! It was amazing.
2025-08-26 20:09:03.722 | INFO     | __main__:main:114 - I just saw an app! It was exciting.
2025-08-26 20:09:04.756 | INFO     | __main__:main:85 - END.....
2025-08-26 20:09:06.723 | INFO     | __main__:main:114 - I just saw a story! It was exciting.
2025-08-26 20:09:09.725 | INFO     | __main__:main:114 - I just tried a meme! It was exciting.
2025-08-26 20:09:12.726 | INFO     | __main__:main:114 - I just found an app! It was weird.
2025-08-26 20:09:15.727 | INFO     | __main__:main:114 - I just saw a trick! It was exciting.
2025-08-26 20:09:18.728 | INFO     | __main__:main:114 - I just saw an app! It was funny.
2025-08-26 20:09:21.729 | INFO     | __main__:main:114 - I just loved a trick! It was amazing.
2025-08-26 20:09:24.730 | INFO     | __main__:main:114 - I just tried a trick! It was boring.
2025-08-26 20:09:27.732 | INFO     | __main__:main:114 - I just tried a trick! It was amazing.
2025-08-26 20:09:30.733 | INFO     | __main__:main:114 - I just loved a meme! It was weird.
2025-08-26 20:09:33.734 | INFO     | __main__:main:114 - I just tried a story! It was funny.
2025-08-26 20:09:36.739 | INFO     | __main__:main:114 - I just loved an app! It was funny.
2025-08-26 20:09:39.740 | INFO     | __main__:main:114 - I just saw a meme! It was boring.
2025-08-26 20:09:42.741 | INFO     | __main__:main:114 - I just loved a trick! It was weird.
2025-08-26 20:09:45.742 | INFO     | __main__:main:114 - I just loved a meme! It was exciting.
2025-08-26 20:09:48.744 | INFO     | __main__:main:114 - I just saw a trick! It was weird.
